<?xml version="1.0" encoding="UTF-8"?>
<!-- Generated by org.testng.reporters.JUnitReportReporter -->
<testsuite hostname="DESKTOP-M7RBPII" failures="0" tests="1" name="testScript.HomeTest" time="3.863" errors="0" timestamp="2025-06-09T13:42:08 IST" skipped="0">
  <testcase classname="testScript.HomeTest" name="verifyTheUserIsAbleTologOut" time="3.863"/>
</testsuite> <!-- testScript.HomeTest -->
