<?xml version="1.0" encoding="UTF-8"?>
<!-- Generated by org.testng.reporters.JUnitReportReporter -->
<testsuite hostname="DESKTOP-M7RBPII" failures="0" tests="2" name="testScript.ManageNewsTest" time="29.286" errors="0" timestamp="2025-06-10T09:59:18 IST" skipped="0">
  <testcase classname="testScript.ManageNewsTest" name="verifyTheUserIsAbleToAddMangeNews" time="16.385"/>
  <testcase classname="testScript.ManageNewsTest" name="verifyTheUserIsAbleToAddMangeNews" time="12.901"/>
</testsuite> <!-- testScript.ManageNewsTest -->
